                         Lattice Mapping Report File
Design:  top
Family:  iCE40UP
Device:  iCE40UP5K
Package: SG48
Performance Grade:  High-Performance_1.2V

Mapper:    version Radiant Software (64-bit) 2023.1.0.43.3
Mapped on: Wed Dec  6 15:13:38 2023

Design Information
------------------

Command line:   map -i newfinal_impl_1_syn.udb -pdc Z:/es4/newfinal/map.pdc -o
     newfinal_impl_1_map.udb -mp newfinal_impl_1.mrp -hierrpt -gui

Design Summary
--------------

   Number of slice registers: 206 out of  5280 (4%)
   Number of I/O registers:      1 out of   117 (1%)
   Number of LUT4s:           877 out of  5280 (17%)
      Number of logic LUT4s:             488
      Number of inserted feedthru LUT4s:  29
      Number of ripple logic:            180 (360 LUT4s)
   Number of IO sites used:   31 out of 39 (79%)
      Number of IO sites used for general PIO: 31
      Number of IO sites used for I3C: 0 out of 2 (0%)
      (note: If I3C is not used, its site can be used as general PIO)
      Number of IO sites used for PIO+I3C: 31 out of 36 (86%)
      Number of IO sites used for OD+RGB IO buffers: 0 out of 3 (0%)
      (note: If RGB LED drivers are not used, sites can be used as OD outputs,
       see TN1288 iCE40 LED Driver Usage Guide)
      Number of IO sites used for PIO+I3C+OD+RGB: 31 out of 39 (79%)
   Number of DSPs:             1 out of 8 (12%)
   Number of I2Cs:             0 out of 2 (0%)
   Number of High Speed OSCs:  1 out of 1 (100%)
   Number of Low Speed OSCs:   0 out of 1 (0%)
   Number of RGB PWM:          0 out of 1 (0%)
   Number of RGB Drivers:      0 out of 1 (0%)
   Number of SCL FILTERs:      0 out of 2 (0%)
   Number of SRAMs:            0 out of 4 (0%)
   Number of WARMBOOTs:        0 out of 1 (0%)
   Number of SPIs:             0 out of 2 (0%)
   Number of EBRs:             0 out of 30 (0%)
   Number of PLLs:             1 out of 1 (100%)
   Number of Clocks:  5
      Net clkhf: 9 loads, 9 rising, 0 falling (Driver: Pin osc/CLKHF)
      Net nes_clk_c: 8 loads, 8 rising, 0 falling (Driver: Pin
     nes_1.nes_clk_c_I_0/Z)
      Net vga_clk: 33 loads, 33 rising, 0 falling (Driver: Pin
     mypll_1.lscc_pll_inst.u_PLL_B/OUTGLOBAL)
      Net VSYNC_c: 95 loads, 95 rising, 0 falling (Driver: Pin
     vga_1.VSYNC_c_I_0/Q)
      Net clk_c: 1 loads, 1 rising, 0 falling (Driver: Port clk)
   Number of Clock Enables:  5
      Net VCC_net: 1 loads, 0 SLICEs
      Net vga_1.column_0__N_49: 6 loads, 6 SLICEs
      Net tower_2.startcount_1__N_335: 4 loads, 4 SLICEs
      Net tower_3.startcount_2__N_360: 4 loads, 4 SLICEs
      Net score_1.scoreout_c_0_N_434: 6 loads, 6 SLICEs

                                    Page 1





Design Summary (cont)
---------------------
   Number of LSRs:  15
      Net vga_1.column_0__N_49: 6 loads, 6 SLICEs
      Net vga_1.valid_N_437: 1 loads, 1 SLICEs
      Net vga_1.column_0__N_50: 6 loads, 6 SLICEs
      Net rgb_c_0_N_403: 6 loads, 6 SLICEs
      Net tower_2.tower2xpos_0__N_136: 6 loads, 6 SLICEs
      Net tower_2.startcount_1__N_336: 4 loads, 4 SLICEs
      Net tower_3.tower3xpos_0__N_203: 6 loads, 6 SLICEs
      Net tower_3.startcount_2__N_361: 4 loads, 4 SLICEs
      Net tower_1.tower1xpos_0__N_70: 6 loads, 6 SLICEs
      Net pattern_gen_1.player.player_color_1__N_367: 2 loads, 2 SLICEs
      Net pattern_gen_1.player.player_color_0__N_369: 2 loads, 2 SLICEs
      Net score_1.scoreout_c_0_N_435: 6 loads, 6 SLICEs
      Net gravity_1.s: 11 loads, 11 SLICEs
      Net gravity_1.was_jump_N_439: 8 loads, 8 SLICEs
      Net gravity_1.velocity_5__N_281: 3 loads, 3 SLICEs
   Top 10 highest fanout non-clock nets:
      Net VCC_net: 107 loads
      Net pattern_gen_1.player_y[2]: 32 loads
      Net pattern_gen_1.player.n1533: 22 loads
      Net pattern_gen_1.player_y[1]: 22 loads
      Net column[5]: 14 loads
      Net gameover: 14 loads
      Net pattern_gen_1.player_y[4]: 14 loads
      Net pattern_gen_1.player_y[5]: 14 loads
      Net column[0]: 13 loads
      Net column[1]: 13 loads




   Number of warnings:  0
   Number of errors:    0

Design Errors/Warnings
----------------------

   No errors or warnings present.

IO (PIO) Attributes
-------------------

+---------------------+-----------+-----------+-------+-------+-----------+
| IO Name             | Direction | Levelmode |  IO   |  IO   | Special   |
|                     |           |  IO_TYPE  |  REG  |  DDR  | IO Buffer |
+---------------------+-----------+-----------+-------+-------+-----------+
| nes_data            | INPUT     |           |       |       |           |
+---------------------+-----------+-----------+-------+-------+-----------+
| clk                 | INPUT     |           |       |       |           |
+---------------------+-----------+-----------+-------+-------+-----------+
| scoreout[0]         | OUTPUT    |           |       |       |           |
+---------------------+-----------+-----------+-------+-------+-----------+
| scoreout[1]         | OUTPUT    |           |       |       |           |
+---------------------+-----------+-----------+-------+-------+-----------+
| scoreout[2]         | OUTPUT    |           |       |       |           |
+---------------------+-----------+-----------+-------+-------+-----------+
| scoreout[3]         | OUTPUT    |           |       |       |           |

                                    Page 2





IO (PIO) Attributes (cont)
--------------------------
+---------------------+-----------+-----------+-------+-------+-----------+
| scoreout[4]         | OUTPUT    |           |       |       |           |
+---------------------+-----------+-----------+-------+-------+-----------+
| scoreout[5]         | OUTPUT    |           |       |       |           |
+---------------------+-----------+-----------+-------+-------+-----------+
| scoreout[6]         | OUTPUT    |           |       |       |           |
+---------------------+-----------+-----------+-------+-------+-----------+
| scoreout[7]         | OUTPUT    |           |       |       |           |
+---------------------+-----------+-----------+-------+-------+-----------+
| scoreout[8]         | OUTPUT    |           |       |       |           |
+---------------------+-----------+-----------+-------+-------+-----------+
| scoreout[9]         | OUTPUT    |           |       |       |           |
+---------------------+-----------+-----------+-------+-------+-----------+
| leds[0]             | OUTPUT    |           |       |       |           |
+---------------------+-----------+-----------+-------+-------+-----------+
| leds[1]             | OUTPUT    |           |       |       |           |
+---------------------+-----------+-----------+-------+-------+-----------+
| leds[2]             | OUTPUT    |           |       |       |           |
+---------------------+-----------+-----------+-------+-------+-----------+
| leds[3]             | OUTPUT    |           |       |       |           |
+---------------------+-----------+-----------+-------+-------+-----------+
| leds[4]             | OUTPUT    |           |       |       |           |
+---------------------+-----------+-----------+-------+-------+-----------+
| leds[5]             | OUTPUT    |           |       |       |           |
+---------------------+-----------+-----------+-------+-------+-----------+
| leds[6]             | OUTPUT    |           |       |       |           |
+---------------------+-----------+-----------+-------+-------+-----------+
| leds[7]             | OUTPUT    |           |       |       |           |
+---------------------+-----------+-----------+-------+-------+-----------+
| nes_clk             | OUTPUT    |           |       |       |           |
+---------------------+-----------+-----------+-------+-------+-----------+
| nes_latch           | OUTPUT    |           |       |       |           |
+---------------------+-----------+-----------+-------+-------+-----------+
| rgb[0]              | OUTPUT    |           |       |       |           |
+---------------------+-----------+-----------+-------+-------+-----------+
| rgb[1]              | OUTPUT    |           |       |       |           |
+---------------------+-----------+-----------+-------+-------+-----------+
| rgb[2]              | OUTPUT    |           |       |       |           |
+---------------------+-----------+-----------+-------+-------+-----------+
| rgb[3]              | OUTPUT    |           |       |       |           |
+---------------------+-----------+-----------+-------+-------+-----------+
| rgb[4]              | OUTPUT    |           |       |       |           |
+---------------------+-----------+-----------+-------+-------+-----------+
| rgb[5]              | OUTPUT    |           |       |       |           |
+---------------------+-----------+-----------+-------+-------+-----------+
| VSYNC               | OUTPUT    |           |       |       |           |
+---------------------+-----------+-----------+-------+-------+-----------+
| HSYNC               | OUTPUT    |           | O     |       |           |
+---------------------+-----------+-----------+-------+-------+-----------+
| output_freq         | OUTPUT    |           |       |       |           |
+---------------------+-----------+-----------+-------+-------+-----------+

Removed logic
-------------

Block i1 was optimized away.


                                    Page 3





PLL/DLL Summary
---------------

PLL 1:                                 Pin/Node Value
  PLL Instance Name:                            mypll_1/lscc_pll_inst/u_PLL_B
  Input Reference Clock:               PIN      clk_c
  Output Clock(CoreA):                 PIN      output_freq_c
  Output Clock(GlobalA):               NODE     vga_clk
  Output Clock(CoreB):                          NONE
  Output Clock(GlobalB):                        NONE
  Feedback input:                      NODE     mypll_1.lscc_pll_inst.feedback_w
  Internal Feedback output:            NODE     mypll_1.lscc_pll_inst.feedback_w
  BYPASS signal:                                GND
  LATCH signal:                                 GND
  Lock Signal:                                  NONE
  Input Clock Frequency (MHz):                  NA
  Reference Divider:                            0
  Feedback Divider:                             66
  VCO Divider:                                  5
  ENABLE_ICEGATE_PORTA:                         0
  ENABLE_ICEGATE_PORTB:                         0
  PLLOUT_SELECT_PORTA:                          GENCLK
  PLLOUT_SELECT_PORTB:                          GENCLK
  SHIFTREG_DIV_MODE:                            0
  DELAY_ADJUSTMENT_MODE_RELATIVE:               FIXED
  FDA_RELATIVE:                                 0
  FEEDBACK_PATH:                                SIMPLE
  DELAY_ADJUSTMENT_MODE_FEEDBACK:               FIXED
  FDA_FEEDBACK:                                 0
  FILTER_RANGE:                                 1
  EXTERNAL_DIVIDE_FACTOR:                       NONE
  TEST Mode:                                    0

OSC Summary
-----------

OSC 1:                                 Pin/Node Value
  OSC Instance Name:                            osc
  Power UP:                            NODE     VCC_net
  Enable Signal:                       NODE     VCC_net
  OSC Output:                          NODE     clkhf
  DIV Setting:                                  00

ASIC Components
---------------

Instance Name: vga_1/HSYNC_c_I_0
         Type: IOLOGIC
Instance Name: mypll_1/lscc_pll_inst/u_PLL_B
         Type: PLL
Instance Name: osc
         Type: HFOSC
Instance Name: gravity_1/mult_1960
         Type: DSP

Constraint Summary
------------------

   Total number of constraints: 24

                                    Page 4





Constraint Summary (cont)
-------------------------
   Total number of constraints dropped: 0

Run Time and Memory Usage
-------------------------

   Total CPU Time: 0 secs
   Total REAL Time: 0 secs
   Peak Memory Usage: 68 MB


















































                                    Page 5


Copyright (c) 1991-1994 by NeoCAD Inc. All rights reserved.
Copyright (c) 1995
     AT&T Corp.   All rights reserved.
Copyright (c) 1995-2001 Lucent
     Technologies Inc.  All rights reserved.
Copyright (c) 2001 Agere Systems
     All rights reserved.
Copyright (c) 2002-2023 Lattice Semiconductor
     Corporation,  All rights reserved.
