synthesis:  version Radiant Software (64-bit) 2023.1.0.43.3

Copyright (c) 1991-1994 by NeoCAD Inc. All rights reserved.
Copyright (c) 1995 AT&T Corp.   All rights reserved.
Copyright (c) 1995-2001 Lucent Technologies Inc.  All rights reserved.
Copyright (c) 2001 Agere Systems   All rights reserved.
Copyright (c) 2002-2023 Lattice Semiconductor Corporation,  All rights reserved.
Wed Dec  6 20:50:17 2023


Command Line:  C:\lscc\radiant\2023.1\ispfpga\bin\nt64\synthesis.exe -f FINALPROJECT_impl_1_lattice.synproj -gui -msgset Z:/es4/FINALPROJECT/promote.xml 

Synthesis options:
The -a option is iCE40UP.
The -t option is SG48.
The -sp option is High-Performance_1.2V.
The -p option is iCE40UP5K.
                                                          


##########################################################


### Lattice Family     : iCE40UP


### Device             : iCE40UP5K


### Package            : SG48


### Performance Grade  : High-Performance_1.2V


                                                         


INFO <35001786> - synthesis: User-Selected Strategy Settings
Optimization goal = Area
Top-level module name = top.
Target frequency = 200.000000 MHz.
Maximum fanout = 1000.
Timing path count = 3 (default)
RWCheckOnRam = 0

BRAM utilization = 100.000000 %
DSP usage = true
DSP utilization = 100.000000 %
fsm_encoding_style = auto
resolve_mixed_drivers = 0
fix_gated_clocks = 1


Mux style = auto (Default)
Use Carry Chain = true
carry_chain_length = 0
Loop Limit = 1950.
Use IO Insertion = TRUE
Use IO Reg = AUTO

Resource Sharing = TRUE
Propagate Constants = TRUE
Remove Duplicate Registers = TRUE
Output HDL file name = FINALPROJECT_impl_1.vm.
ROM style = auto
RAM style = auto
The -comp option is FALSE.
The -syn option is FALSE.
-sdc option: SDC file input is FINALPROJECT_impl_1_cpe.ldc.
-vh2008

-path C:/lscc/radiant/2023.1/ispfpga/ice40tp/data (searchpath added)
-path Z:/es4/FINALPROJECT (searchpath added)
-path Z:/es4/FINALPROJECT/impl_1 (searchpath added)
-path Z:/es4/FINALPROJECT/mypll (searchpath added)
Mixed language design
Verilog design file = C:/lscc/radiant/2023.1/ip/pmi/pmi_iCE40UP.v
Verilog design file = Z:/es4/FINALPROJECT/mypll/rtl/mypll.v
VHDL library = pmi
VHDL design file = C:/lscc/radiant/2023.1/ip/pmi/pmi_iCE40UP.vhd
VHDL library = work
VHDL design file = Z:/es4/FINALPROJECT/source/impl_1/gamestate.vhd
VHDL library = work
VHDL design file = Z:/es4/FINALPROJECT/source/impl_1/gravity.vhd
VHDL library = work
VHDL design file = Z:/es4/FINALPROJECT/source/impl_1/jumbo.vhd
VHDL library = work
VHDL design file = Z:/es4/FINALPROJECT/source/impl_1/nes.vhd
VHDL library = work
VHDL design file = Z:/es4/FINALPROJECT/source/impl_1/pattern_gen.vhd
VHDL library = work
VHDL design file = Z:/es4/FINALPROJECT/source/impl_1/score.vhd
VHDL library = work
VHDL design file = Z:/es4/FINALPROJECT/source/impl_1/startscreen.vhd
VHDL library = work
VHDL design file = Z:/es4/FINALPROJECT/source/impl_1/top.vhd
VHDL library = work
VHDL design file = Z:/es4/FINALPROJECT/source/impl_1/tower.vhd
VHDL library = work
VHDL design file = Z:/es4/FINALPROJECT/source/impl_1/vga.vhd
VHDL library = work
VHDL design file = Z:/es4/FINALPROJECT/source/impl_1/digit.vhd
The -r option is OFF. [ Remove LOC Properties is OFF. ]
WARNING <35935050> - synthesis: input port TRIM9 is not connected on this instance. VDB-5050
WARNING <35935050> - synthesis: input port TRIM8 is not connected on this instance. VDB-5050
WARNING <35935050> - synthesis: input port TRIM7 is not connected on this instance. VDB-5050
WARNING <35935050> - synthesis: input port TRIM6 is not connected on this instance. VDB-5050
WARNING <35935050> - synthesis: input port TRIM5 is not connected on this instance. VDB-5050
WARNING <35935050> - synthesis: input port TRIM4 is not connected on this instance. VDB-5050
WARNING <35935050> - synthesis: input port TRIM3 is not connected on this instance. VDB-5050
WARNING <35935050> - synthesis: input port TRIM2 is not connected on this instance. VDB-5050
WARNING <35935050> - synthesis: input port TRIM1 is not connected on this instance. VDB-5050
WARNING <35935050> - synthesis: input port TRIM0 is not connected on this instance. VDB-5050
WARNING <35935050> - synthesis: input port I is not connected on this instance. VDB-5050
Compile design.
Compile Design Begin
Analyzing Verilog file c:/lscc/radiant/2023.1/ip/pmi/pmi_ice40up.v. VERI-1482
INFO <35901328> - synthesis: c:/lscc/radiant/2023.1/ip/pmi/pmi_ice40up.v(1): analyzing included file c:/lscc/radiant/2023.1/ip/pmi/pmi_addsub.v. VERI-1328
INFO <35901328> - synthesis: c:/lscc/radiant/2023.1/ip/pmi/pmi_addsub.v(40): analyzing included file c:/lscc/radiant/2023.1/ip/pmi/../common/adder_subtractor/rtl/lscc_add_sub.v. VERI-1328
INFO <35901328> - synthesis: c:/lscc/radiant/2023.1/ip/pmi/pmi_ice40up.v(2): analyzing included file c:/lscc/radiant/2023.1/ip/pmi/pmi_add.v. VERI-1328
INFO <35901328> - synthesis: c:/lscc/radiant/2023.1/ip/pmi/pmi_add.v(50): analyzing included file c:/lscc/radiant/2023.1/ip/pmi/../common/adder/rtl/lscc_adder.v. VERI-1328
INFO <35901328> - synthesis: c:/lscc/radiant/2023.1/ip/pmi/pmi_ice40up.v(3): analyzing included file c:/lscc/radiant/2023.1/ip/pmi/pmi_complex_mult.v. VERI-1328
INFO <35901328> - synthesis: c:/lscc/radiant/2023.1/ip/pmi/pmi_complex_mult.v(52): analyzing included file c:/lscc/radiant/2023.1/ip/pmi/../common/complex_mult/rtl/lscc_complex_mult.v. VERI-1328
INFO <35901328> - synthesis: c:/lscc/radiant/2023.1/ip/pmi/pmi_ice40up.v(4): analyzing included file c:/lscc/radiant/2023.1/ip/pmi/pmi_counter.v. VERI-1328
INFO <35901328> - synthesis: c:/lscc/radiant/2023.1/ip/pmi/pmi_counter.v(39): analyzing included file c:/lscc/radiant/2023.1/ip/pmi/../common/counter/rtl/lscc_cntr.v. VERI-1328
INFO <35901328> - synthesis: c:/lscc/radiant/2023.1/ip/pmi/pmi_ice40up.v(5): analyzing included file c:/lscc/radiant/2023.1/ip/pmi/pmi_fifo.v. VERI-1328
INFO <35901328> - synthesis: c:/lscc/radiant/2023.1/ip/pmi/pmi_fifo.v(44): analyzing included file c:/lscc/radiant/2023.1/ip/pmi/../avant/fifo/rtl/lscc_fifo.v. VERI-1328
INFO <35901328> - synthesis: c:/lscc/radiant/2023.1/ip/pmi/pmi_ice40up.v(6): analyzing included file c:/lscc/radiant/2023.1/ip/pmi/pmi_fifo_dc.v. VERI-1328
INFO <35901328> - synthesis: c:/lscc/radiant/2023.1/ip/pmi/pmi_fifo_dc.v(47): analyzing included file c:/lscc/radiant/2023.1/ip/pmi/../avant/fifo_dc/rtl/lscc_fifo_dc.v. VERI-1328
INFO <35901328> - synthesis: c:/lscc/radiant/2023.1/ip/pmi/pmi_ice40up.v(7): analyzing included file c:/lscc/radiant/2023.1/ip/pmi/pmi_mac.v. VERI-1328
INFO <35901328> - synthesis: c:/lscc/radiant/2023.1/ip/pmi/pmi_mac.v(52): analyzing included file c:/lscc/radiant/2023.1/ip/pmi/../common/mult_accumulate/rtl/lscc_mult_accumulate.v. VERI-1328
INFO <35901328> - synthesis: c:/lscc/radiant/2023.1/ip/pmi/pmi_ice40up.v(8): analyzing included file c:/lscc/radiant/2023.1/ip/pmi/pmi_multaddsubsum.v. VERI-1328
INFO <35901328> - synthesis: c:/lscc/radiant/2023.1/ip/pmi/pmi_multaddsubsum.v(53): analyzing included file c:/lscc/radiant/2023.1/ip/pmi/../common/mult_add_sub_sum/rtl/lscc_mult_add_sub_sum.v. VERI-1328
INFO <35901328> - synthesis: c:/lscc/radiant/2023.1/ip/pmi/pmi_ice40up.v(9): analyzing included file c:/lscc/radiant/2023.1/ip/pmi/pmi_multaddsub.v. VERI-1328
INFO <35901328> - synthesis: c:/lscc/radiant/2023.1/ip/pmi/pmi_multaddsub.v(52): analyzing included file c:/lscc/radiant/2023.1/ip/pmi/../common/mult_add_sub/rtl/lscc_mult_add_sub.v. VERI-1328
INFO <35901328> - synthesis: c:/lscc/radiant/2023.1/ip/pmi/pmi_ice40up.v(10): analyzing included file c:/lscc/radiant/2023.1/ip/pmi/pmi_mult.v. VERI-1328
INFO <35901328> - synthesis: c:/lscc/radiant/2023.1/ip/pmi/pmi_mult.v(51): analyzing included file c:/lscc/radiant/2023.1/ip/pmi/../common/multiplier/rtl/lscc_multiplier.v. VERI-1328
INFO <35901328> - synthesis: c:/lscc/radiant/2023.1/ip/pmi/pmi_ice40up.v(11): analyzing included file c:/lscc/radiant/2023.1/ip/pmi/pmi_ram_dp.v. VERI-1328
INFO <35901328> - synthesis: c:/lscc/radiant/2023.1/ip/pmi/pmi_ram_dp.v(48): analyzing included file c:/lscc/radiant/2023.1/ip/pmi/../avant/ram_dp/rtl/lscc_ram_dp.v. VERI-1328
INFO <35901328> - synthesis: c:/lscc/radiant/2023.1/ip/pmi/pmi_ice40up.v(12): analyzing included file c:/lscc/radiant/2023.1/ip/pmi/pmi_ram_dq.v. VERI-1328
INFO <35901328> - synthesis: c:/lscc/radiant/2023.1/ip/pmi/pmi_ram_dq.v(45): analyzing included file c:/lscc/radiant/2023.1/ip/pmi/../avant/ram_dq/rtl/lscc_ram_dq.v. VERI-1328
INFO <35901328> - synthesis: c:/lscc/radiant/2023.1/ip/pmi/pmi_ice40up.v(13): analyzing included file c:/lscc/radiant/2023.1/ip/pmi/pmi_rom.v. VERI-1328
INFO <35901328> - synthesis: c:/lscc/radiant/2023.1/ip/pmi/pmi_rom.v(45): analyzing included file c:/lscc/radiant/2023.1/ip/pmi/../avant/rom/rtl/lscc_rom.v. VERI-1328
INFO <35901328> - synthesis: c:/lscc/radiant/2023.1/ip/pmi/pmi_ice40up.v(14): analyzing included file c:/lscc/radiant/2023.1/ip/pmi/pmi_sub.v. VERI-1328
INFO <35901328> - synthesis: c:/lscc/radiant/2023.1/ip/pmi/pmi_sub.v(50): analyzing included file c:/lscc/radiant/2023.1/ip/pmi/../common/subtractor/rtl/lscc_subtractor.v. VERI-1328
INFO <35901328> - synthesis: c:/lscc/radiant/2023.1/ip/pmi/pmi_ice40up.v(15): analyzing included file c:/lscc/radiant/2023.1/ip/pmi/pmi_ram_dp_be.v. VERI-1328
INFO <35901328> - synthesis: c:/lscc/radiant/2023.1/ip/pmi/pmi_ram_dp_be.v(49): analyzing included file c:/lscc/radiant/2023.1/ip/pmi/../avant/ram_dp/rtl/lscc_ram_dp.v. VERI-1328
INFO <35901328> - synthesis: c:/lscc/radiant/2023.1/ip/pmi/pmi_ice40up.v(16): analyzing included file c:/lscc/radiant/2023.1/ip/pmi/pmi_ram_dq_be.v. VERI-1328
INFO <35901328> - synthesis: c:/lscc/radiant/2023.1/ip/pmi/pmi_ram_dq_be.v(45): analyzing included file c:/lscc/radiant/2023.1/ip/pmi/../avant/ram_dq/rtl/lscc_ram_dq.v. VERI-1328
INFO <35901328> - synthesis: c:/lscc/radiant/2023.1/ip/pmi/pmi_ice40up.v(17): analyzing included file c:/lscc/radiant/2023.1/ip/pmi/pmi_dsp.v. VERI-1328
Analyzing Verilog file z:/es4/finalproject/mypll/rtl/mypll.v. VERI-1482
Analyzing VHDL file c:/lscc/radiant/2023.1/ip/pmi/pmi_ice40up.vhd. VHDL-1481
Analyzing VHDL file c:/lscc/radiant/2023.1/ip/pmi/pmi_ice40up.vhd

INFO <35921014> - synthesis: c:/lscc/radiant/2023.1/ip/pmi/pmi_ice40up.vhd(4): analyzing package components. VHDL-1014
Analyzing VHDL file z:/es4/finalproject/source/impl_1/gamestate.vhd. VHDL-1481
Analyzing VHDL file z:/es4/finalproject/source/impl_1/gamestate.vhd

INFO <35921012> - synthesis: z:/es4/finalproject/source/impl_1/gamestate.vhd(5): analyzing entity gamestate. VHDL-1012
INFO <35921010> - synthesis: z:/es4/finalproject/source/impl_1/gamestate.vhd(20): analyzing architecture synth. VHDL-1010
Analyzing VHDL file z:/es4/finalproject/source/impl_1/gravity.vhd. VHDL-1481
Analyzing VHDL file z:/es4/finalproject/source/impl_1/gravity.vhd

INFO <35921012> - synthesis: z:/es4/finalproject/source/impl_1/gravity.vhd(6): analyzing entity gravity. VHDL-1012
INFO <35921010> - synthesis: z:/es4/finalproject/source/impl_1/gravity.vhd(16): analyzing architecture synth. VHDL-1010
Analyzing VHDL file z:/es4/finalproject/source/impl_1/jumbo.vhd. VHDL-1481
Analyzing VHDL file z:/es4/finalproject/source/impl_1/jumbo.vhd

INFO <35921012> - synthesis: z:/es4/finalproject/source/impl_1/jumbo.vhd(5): analyzing entity jumbo. VHDL-1012
INFO <35921010> - synthesis: z:/es4/finalproject/source/impl_1/jumbo.vhd(14): analyzing architecture synth. VHDL-1010
Analyzing VHDL file z:/es4/finalproject/source/impl_1/nes.vhd. VHDL-1481
Analyzing VHDL file z:/es4/finalproject/source/impl_1/nes.vhd

INFO <35921012> - synthesis: z:/es4/finalproject/source/impl_1/nes.vhd(5): analyzing entity nes. VHDL-1012
INFO <35921010> - synthesis: z:/es4/finalproject/source/impl_1/nes.vhd(15): analyzing architecture synth. VHDL-1010
Analyzing VHDL file z:/es4/finalproject/source/impl_1/pattern_gen.vhd. VHDL-1481
Analyzing VHDL file z:/es4/finalproject/source/impl_1/pattern_gen.vhd

INFO <35921012> - synthesis: z:/es4/finalproject/source/impl_1/pattern_gen.vhd(5): analyzing entity pattern_gen. VHDL-1012
INFO <35921010> - synthesis: z:/es4/finalproject/source/impl_1/pattern_gen.vhd(31): analyzing architecture synth. VHDL-1010
Analyzing VHDL file z:/es4/finalproject/source/impl_1/score.vhd. VHDL-1481
Analyzing VHDL file z:/es4/finalproject/source/impl_1/score.vhd

INFO <35921012> - synthesis: z:/es4/finalproject/source/impl_1/score.vhd(5): analyzing entity score. VHDL-1012
INFO <35921010> - synthesis: z:/es4/finalproject/source/impl_1/score.vhd(17): analyzing architecture synth. VHDL-1010
Analyzing VHDL file z:/es4/finalproject/source/impl_1/startscreen.vhd. VHDL-1481
Analyzing VHDL file z:/es4/finalproject/source/impl_1/startscreen.vhd

INFO <35921012> - synthesis: z:/es4/finalproject/source/impl_1/startscreen.vhd(5): analyzing entity startscreen. VHDL-1012
INFO <35921010> - synthesis: z:/es4/finalproject/source/impl_1/startscreen.vhd(14): analyzing architecture synth. VHDL-1010
Analyzing VHDL file z:/es4/finalproject/source/impl_1/top.vhd. VHDL-1481
Analyzing VHDL file z:/es4/finalproject/source/impl_1/top.vhd

INFO <35921012> - synthesis: z:/es4/finalproject/source/impl_1/top.vhd(5): analyzing entity top. VHDL-1012
INFO <35921010> - synthesis: z:/es4/finalproject/source/impl_1/top.vhd(21): analyzing architecture synth. VHDL-1010
Analyzing VHDL file z:/es4/finalproject/source/impl_1/tower.vhd. VHDL-1481
Analyzing VHDL file z:/es4/finalproject/source/impl_1/tower.vhd

INFO <35921012> - synthesis: z:/es4/finalproject/source/impl_1/tower.vhd(5): analyzing entity tower. VHDL-1012
INFO <35921010> - synthesis: z:/es4/finalproject/source/impl_1/tower.vhd(17): analyzing architecture synth. VHDL-1010
Analyzing VHDL file z:/es4/finalproject/source/impl_1/vga.vhd. VHDL-1481
Analyzing VHDL file z:/es4/finalproject/source/impl_1/vga.vhd

INFO <35921012> - synthesis: z:/es4/finalproject/source/impl_1/vga.vhd(5): analyzing entity vga. VHDL-1012
INFO <35921010> - synthesis: z:/es4/finalproject/source/impl_1/vga.vhd(17): analyzing architecture synth. VHDL-1010
Analyzing VHDL file z:/es4/finalproject/source/impl_1/digit.vhd. VHDL-1481
Analyzing VHDL file z:/es4/finalproject/source/impl_1/digit.vhd

INFO <35921012> - synthesis: z:/es4/finalproject/source/impl_1/digit.vhd(5): analyzing entity digit. VHDL-1012
INFO <35921010> - synthesis: z:/es4/finalproject/source/impl_1/digit.vhd(15): analyzing architecture synth. VHDL-1010
INFO <35921504> - synthesis: The default VHDL library search path is now "Z:/es4/FINALPROJECT/impl_1". VHDL-1504
Top module language type = VHDL.
WARNING <35935049> - synthesis: input port sclk_i remains unconnected for this instance. VDB-5049
WARNING <35935049> - synthesis: input port sdi_i remains unconnected for this instance. VDB-5049
Top module name (VHDL, mixed language): top
                                                         


### Number of Logic Cells: 5280


### Number of RAM Blocks: 30


### Number of DSP Blocks: 8


### Number of PLLs: 1


### Number of IO Pins: 56


##########################################################


                                                         


WARNING <35001771> - synthesis: Initial value found on net HSYNC will be ignored due to unrecognized driver type
WARNING <35001771> - synthesis: Initial value found on net VSYNC will be ignored due to unrecognized driver type
WARNING <35001771> - synthesis: Initial value found on net gameover will be ignored due to unrecognized driver type
WARNING <35001771> - synthesis: Initial value found on net s will be ignored due to unrecognized driver type
WARNING <35001771> - synthesis: Initial value found on net s will be ignored due to unrecognized driver type
WARNING <35001771> - synthesis: Initial value found on net s will be ignored due to unrecognized driver type
WARNING <35001771> - synthesis: Initial value found on net shiftReg2[7] will be ignored due to unrecognized driver type
WARNING <35001771> - synthesis: Initial value found on net shiftReg2[6] will be ignored due to unrecognized driver type
WARNING <35001771> - synthesis: Initial value found on net shiftReg2[5] will be ignored due to unrecognized driver type
WARNING <35001771> - synthesis: Initial value found on net shiftReg2[4] will be ignored due to unrecognized driver type
WARNING <35001771> - synthesis: Initial value found on net shiftReg2[3] will be ignored due to unrecognized driver type
WARNING <35001771> - synthesis: Initial value found on net shiftReg2[2] will be ignored due to unrecognized driver type
WARNING <35001771> - synthesis: Initial value found on net shiftReg2[1] will be ignored due to unrecognized driver type
WARNING <35001771> - synthesis: Initial value found on net shiftReg2[0] will be ignored due to unrecognized driver type
WARNING <35001771> - synthesis: Initial value found on net nextstate will be ignored due to unrecognized driver type
WARNING <35001771> - synthesis: Initial value found on net s will be ignored due to unrecognized driver type
CRITICAL <35001747> - synthesis: Bit 9 of Register bigx is stuck at Zero
CRITICAL <35001747> - synthesis: Bit 9 of Register bigy is stuck at Zero
WARNING <35935049> - synthesis: input port sclk_i remains unconnected for this instance. VDB-5049
WARNING <35935049> - synthesis: input port sdi_i remains unconnected for this instance. VDB-5049
WARNING <35931002> - synthesis: z:/es4/finalproject/mypll/rtl/mypll.v(139): net \mypll_1/lscc_pll_inst/sclk_i does not have a driver. VDB-1002
WARNING <35931002> - synthesis: z:/es4/finalproject/mypll/rtl/mypll.v(140): net \mypll_1/lscc_pll_inst/sdi_i does not have a driver. VDB-1002
######## Missing driver on net \mypll_1/lscc_pll_inst/sclk_i. Patching with GND.
######## Missing driver on net \mypll_1/lscc_pll_inst/sdi_i. Patching with GND.



Mapped 2 multiplier(s)


CRITICAL <35001747> - synthesis: Bit 0 of Register \gravity_1/dt is stuck at Zero
CRITICAL <35001748> - synthesis: Bit 7 of Register \pattern_gen_1/digity_res3 is stuck at One
CRITICAL <35001748> - synthesis: Bit 6 of Register \pattern_gen_1/digity_res3 is stuck at One
CRITICAL <35001748> - synthesis: Bit 5 of Register \pattern_gen_1/digity_res3 is stuck at One
CRITICAL <35001747> - synthesis: Bit 4 of Register \pattern_gen_1/digity_res3 is stuck at Zero
CRITICAL <35001748> - synthesis: Bit 3 of Register \pattern_gen_1/digity_res3 is stuck at One
CRITICAL <35001748> - synthesis: Bit 2 of Register \pattern_gen_1/digity_res3 is stuck at One
CRITICAL <35001747> - synthesis: Bit 1 of Register \pattern_gen_1/digity_res3 is stuck at Zero
WARNING <35935040> - synthesis: Register \gravity_1/pos_29121_30552__i1 clock is stuck at Zero. VDB-5040
Combinational loop found : 1

 Net leds_c_7 

 Instance \nes_1/mux_12_i8 

Combinational loop found : 2

 Net leds_c_4 

 Instance \nes_1/mux_12_i5 

Combinational loop found : 3

 Net leds_c_0 

 Instance \nes_1/mux_12_i1 

Combinational loop found : 4

 Net leds_c_1 

 Instance \nes_1/mux_12_i2 

Combinational loop found : 5

 Net leds_c_2 

 Instance \nes_1/mux_12_i3 

Combinational loop found : 6

 Net leds_c_3 

 Instance \nes_1/mux_12_i4 

Combinational loop found : 7

 Net leds_c_5 

 Instance \nes_1/mux_12_i6 

Combinational loop found : 8

 Net leds_c_6 

 Instance \nes_1/mux_12_i7 

WARNING <35935040> - synthesis: Register \gravity_1/velocity_i0 clock is stuck at Zero. VDB-5040
WARNING <35935040> - synthesis: Register \gravity_1/velocity_i3 clock is stuck at Zero. VDB-5040
WARNING <35935040> - synthesis: Register \gravity_1/velocity_i2 clock is stuck at Zero. VDB-5040
WARNING <35935040> - synthesis: Register \gravity_1/velocity_i4 clock is stuck at Zero. VDB-5040
WARNING <35935040> - synthesis: Register \gravity_1/velocity_i1 clock is stuck at Zero. VDB-5040
Duplicate register/latch removal. \pattern_gen_1/player/rgb_i0 is a one-to-one match with \pattern_gen_1/player/rgb_i4.
Duplicate register/latch removal. \pattern_gen_1/player/rgb_i3 is a one-to-one match with \pattern_gen_1/player/rgb_i1.
Duplicate register/latch removal. \pattern_gen_1/start_draw/rgb_i3 is a one-to-one match with \pattern_gen_1/start_draw/rgb_i1.
WARNING <35001779> - synthesis: Initial value found on instance \gravity_1/was_jump will be ignored.
WARNING <35001779> - synthesis: Initial value found on instance \gravity_1/velocity_i15 will be ignored.
WARNING <35001779> - synthesis: Initial value found on instance \gravity_1/velocity_i14 will be ignored.
WARNING <35001779> - synthesis: Initial value found on instance \gravity_1/velocity_i13 will be ignored.
WARNING <35001779> - synthesis: Initial value found on instance \gravity_1/velocity_i12 will be ignored.
WARNING <35001779> - synthesis: Initial value found on instance \gravity_1/velocity_i11 will be ignored.
WARNING <35001779> - synthesis: Initial value found on instance \gravity_1/velocity_i10 will be ignored.
WARNING <35001779> - synthesis: Initial value found on instance \gravity_1/velocity_i9 will be ignored.
INFO <35002039> - synthesis: Special Primitives IFD1P3AZ and OFD1P3AZ for ThunderPlus are synthesized using IOL_B.

################### Begin Area Report (top)######################
Number of register bits => 253 of 5280 (4 % )
CCU2 => 219
FD1P3XZ => 253
HSOSC_CORE => 1
IB => 2
IOL_B => 1
LUT4 => 2095
MAC16 => 2
OB => 34
PLL_B => 1
################### End Area Report ##################
Number of odd-length carry chains : 15
Number of even-length carry chains : 27

################### Begin Clock Report ######################
Clock Nets
Number of Clocks: 6
  Net : vga_1/VSYNC_c, loads : 1
  Net : nes_1/nes_clk_c, loads : 1
  Net : clk_c, loads : 1
  Net : clkhf, loads : 0
  Net : mypll_1/lscc_pll_inst/vga_clk, loads : 0
  Net : mypll_1/lscc_pll_inst/output_freq_c, loads : 1
Clock Enable Nets
Number of Clock Enables: 0
Highest fanout non-clock nets
Top 10 highest fanout non-clock nets:
  Net : pattern_gen_1/digit1dead/n16, loads : 97
  Net : vga_1/row[4], loads : 84
  Net : pattern_gen_1/digit2alive/n15, loads : 83
  Net : vga_1/row[5], loads : 82
  Net : pattern_gen_1/digit2dead/n16, loads : 81
  Net : vga_1/row[6], loads : 74
  Net : vga_1/row[3], loads : 73
  Net : pattern_gen_1/digitx[2], loads : 73
  Net : vga_1/row[7], loads : 70
  Net : pattern_gen_1/digit1alive/n16_c, loads : 64
################### End Clock Report ##################

Peak Memory Usage: 234 MB

--------------------------------------------------------------
Total CPU Time: 2 secs 
Total REAL Time: 14 secs 
--------------------------------------------------------------
